[debug] [2024-07-13T14:25:38.918Z] ----------------------------------------------------------------------
[debug] [2024-07-13T14:25:38.923Z] Command:       D:\NODEJS\node.exe C:\Users\TSHDA DGM\AppData\Roaming\npm\node_modules\firebase-tools\lib\bin\firebase.js init
[debug] [2024-07-13T14:25:38.923Z] CLI Version:   13.11.2
[debug] [2024-07-13T14:25:38.924Z] Platform:      win32
[debug] [2024-07-13T14:25:38.924Z] Node Version:  v20.14.0
[debug] [2024-07-13T14:25:38.924Z] Time:          Sat Jul 13 2024 07:25:38 GMT-0700 (Pacific Daylight Time)
[debug] [2024-07-13T14:25:38.924Z] ----------------------------------------------------------------------
[debug] 
[debug] [2024-07-13T14:25:39.076Z] > command requires scopes: ["email","openid","https://www.googleapis.com/auth/cloudplatformprojects.readonly","https://www.googleapis.com/auth/firebase","https://www.googleapis.com/auth/cloud-platform"]
[debug] [2024-07-13T14:25:39.077Z] > authorizing via signed-in user (vidhushirathnayake@gmail.com)
[info] 
     ######## #### ########  ######## ########     ###     ######  ########
     ##        ##  ##     ## ##       ##     ##  ##   ##  ##       ##
     ######    ##  ########  ######   ########  #########  ######  ######
     ##        ##  ##    ##  ##       ##     ## ##     ##       ## ##
     ##       #### ##     ## ######## ########  ##     ##  ######  ########

You're about to initialize a Firebase project in this directory:

  D:\LINGOMASTER\LINGOMASTER-FRONTEND\LingoMaster

Before we get started, keep in mind:

  * You are initializing within an existing Firebase project directory

[info] 
=== Project Setup
[info] 
[info] First, let's associate this project directory with a Firebase project.
[info] You can create multiple project aliases by running firebase use --add, 
[info] but for now we'll just set up a default project.
[info] 
[debug] [2024-07-13T14:25:49.847Z] Using project from CLI flag: lingomaster-9af67
[debug] [2024-07-13T14:25:49.852Z] >>> [apiv2][query] GET https://firebase.googleapis.com/v1beta1/projects/lingomaster-9af67 [none]
[debug] [2024-07-13T14:25:51.007Z] <<< [apiv2][status] GET https://firebase.googleapis.com/v1beta1/projects/lingomaster-9af67 403
[debug] [2024-07-13T14:25:51.007Z] <<< [apiv2][body] GET https://firebase.googleapis.com/v1beta1/projects/lingomaster-9af67 {"error":{"code":403,"message":"The caller does not have permission","status":"PERMISSION_DENIED"}}
[debug] [2024-07-13T14:25:51.008Z] HTTP Error: 403, The caller does not have permission
[debug] [2024-07-13T14:25:51.009Z] FirebaseError: HTTP Error: 403, The caller does not have permission
    at responseToError (C:\Users\TSHDA DGM\AppData\Roaming\npm\node_modules\firebase-tools\lib\responseToError.js:49:12)
    at RetryOperation._fn (C:\Users\TSHDA DGM\AppData\Roaming\npm\node_modules\firebase-tools\lib\apiv2.js:305:77)
    at process.processTicksAndRejections (node:internal/process/task_queues:95:5)
[error] 
[error] Error: Failed to get Firebase project lingomaster-9af67. Please make sure the project exists and your account has permission to access it.
